Arguments: 
  C:\Program Files\nodejs\node.exe C:\Program Files (x86)\Yarn\bin\yarn.js

PATH: 
  C:\Users\jacob\bin;C:\Program Files\Git\mingw64\bin;C:\Program Files\Git\usr\local\bin;C:\Program Files\Git\usr\bin;C:\Program Files\Git\usr\bin;C:\Program Files\Git\mingw64\bin;C:\Program Files\Git\usr\bin;C:\Users\jacob\bin;C:\Program Files (x86)\Intel\iCLS Client;C:\Program Files\Intel\iCLS Client;C:\WINDOWS\system32;C:\WINDOWS;C:\WINDOWS\System32\Wbem;C:\WINDOWS\System32\WindowsPowerShell\v1.0;C:\WINDOWS\System32\OpenSSH;C:\Program Files (x86)\Intel\Intel(R) Management Engine Components\DAL;C:\Program Files\Intel\Intel(R) Management Engine Components\DAL;C:\Program Files (x86)\Intel\Intel(R) Management Engine Components\IPT;C:\Program Files\Intel\Intel(R) Management Engine Components\IPT;C:\Program Files (x86)\Microsoft VS Code\bin;C:\Program Files\Git\cmd;C:\Program Files (x86)\Yarn\bin;C:\Program Files\nodejs;C:\Program Files (x86)\Microsoft VS Code\bin;C:\Users\jacob\AppData\Local\Microsoft\WindowsApps;C:\Users\jacob\AppData\Local\Yarn\bin;C:\Program Files\heroku\bin;C:\Users\jacob\AppData\Roaming\npm;C:\Program Files\Git\usr\bin\vendor_perl;C:\Program Files\Git\usr\bin\core_perl

Yarn version: 
  1.13.0

Node version: 
  10.15.3

Platform: 
  win32 x64

Trace: 
  Error: EPERM: operation not permitted, scandir 'C:\Users\jacob\Documents\lambda\lambda week 15 back-end build week\backend\node_modules\@types'

npm manifest: 
  {
    "name": "backend",
    "version": "1.0.0",
    "description": "",
    "main": "index.js",
    "scripts": {
      "start": "node index.js",
      "server": "nodemon",
      "test": "cross-env DB_ENV=testing jest --watch"
    },
    "jest": {
      "testEnvironment": "node"
    },
    "repository": {
      "type": "git",
      "url": "git+https://github.com/revolutionize-health/backend.git"
    },
    "keywords": [],
    "author": "",
    "license": "ISC",
    "bugs": {
      "url": "https://github.com/revolutionize-health/backend/issues"
    },
    "homepage": "https://github.com/revolutionize-health/backend#readme",
    "dependencies": {
      "cors": "^2.8.5",
      "dotenv": "^7.0.0",
      "express": "^4.16.4",
      "helmet": "^3.16.0",
      "jest": "^24.7.1",
      "knex": "^0.16.5",
      "pg": "^7.9.0",
      "supertest": "^4.0.2"
    },
    "devDependencies": {
      "cross-env": "^5.2.0",
      "nodemon": "^1.18.11",
      "sqlite3": "^4.0.6"
    }
  }

yarn manifest: 
  No manifest

Lockfile: 
  No lockfile
